<?xml version="1.0" encoding="UTF-8"?>
<!-- Generated by org.testng.reporters.JUnitXMLReporter -->
<testsuite ignored="0" hostname="DESKTOP-J4MDNS6" failures="0" tests="2" name="Default test" time="30.868" errors="0" timestamp="2022-06-23T18:26:38 EDT">
  <testcase classname="techTriangle_testNG.testing.Test_HomePage" name="homePage_imageClickable" time="15.371"/>
  <testcase classname="techTriangle_testNG.testing.Test_HomePage" name="homePage_AddItemToCart" time="10.633"/>
</testsuite> <!-- Default test -->
