<?xml version="1.0" encoding="UTF-8"?>
<testng-results ignored="0" total="2" passed="2" failed="0" skipped="0">
  <reporter-output>
  </reporter-output>
  <suite started-at="2022-06-21T23:06:03 EDT" name="Default suite" finished-at="2022-06-21T23:06:32 EDT" duration-ms="29093">
    <groups>
    </groups>
    <test started-at="2022-06-21T23:06:03 EDT" name="Default test" finished-at="2022-06-21T23:06:32 EDT" duration-ms="29093">
      <class name="techTriangle_testNG.testing.Test_HomePage">
        <test-method is-config="true" signature="setup()[pri:0, instance:techTriangle_testNG.testing.Test_HomePage@2ea41516]" started-at="2022-06-21T23:06:03 EDT" name="setup" finished-at="2022-06-21T23:06:07 EDT" duration-ms="4148" status="PASS">
          <reporter-output>
          </reporter-output>
        </test-method> <!-- setup -->
        <test-method signature="homePage_imageClickable()[pri:1, instance:techTriangle_testNG.testing.Test_HomePage@2ea41516]" started-at="2022-06-21T23:06:07 EDT" name="homePage_imageClickable" finished-at="2022-06-21T23:06:22 EDT" duration-ms="14720" status="PASS">
          <reporter-output>
          </reporter-output>
        </test-method> <!-- homePage_imageClickable -->
        <test-method signature="homePage_AddItemToCart()[pri:2, instance:techTriangle_testNG.testing.Test_HomePage@2ea41516]" started-at="2022-06-21T23:06:22 EDT" name="homePage_AddItemToCart" finished-at="2022-06-21T23:06:32 EDT" duration-ms="9957" status="PASS">
          <reporter-output>
          </reporter-output>
        </test-method> <!-- homePage_AddItemToCart -->
        <test-method is-config="true" signature="teardown()[pri:0, instance:techTriangle_testNG.testing.Test_HomePage@2ea41516]" started-at="2022-06-21T23:06:32 EDT" name="teardown" finished-at="2022-06-21T23:06:32 EDT" duration-ms="228" status="PASS">
          <reporter-output>
          </reporter-output>
        </test-method> <!-- teardown -->
      </class> <!-- techTriangle_testNG.testing.Test_HomePage -->
    </test> <!-- Default test -->
  </suite> <!-- Default suite -->
</testng-results>
