<?xml version="1.0" encoding="UTF-8"?>
<testng-results ignored="0" total="5" passed="5" failed="0" skipped="0">
  <reporter-output>
  </reporter-output>
  <suite started-at="2022-06-28T00:41:15 EDT" name="Default suite" finished-at="2022-06-28T00:41:55 EDT" duration-ms="39897">
    <groups>
    </groups>
    <test started-at="2022-06-28T00:41:15 EDT" name="Default test" finished-at="2022-06-28T00:41:55 EDT" duration-ms="39897">
      <class name="techTriangle_testNG.testing.WeightsProductTest">
        <test-method is-config="true" signature="setup()[pri:0, instance:techTriangle_testNG.testing.WeightsProductTest@74751b3]" started-at="2022-06-28T00:41:15 EDT" name="setup" finished-at="2022-06-28T00:41:22 EDT" duration-ms="6351" status="PASS">
          <reporter-output>
          </reporter-output>
        </test-method> <!-- setup -->
        <test-method signature="TTG_WPP_001_verifyWeightsTab()[pri:0, instance:techTriangle_testNG.testing.WeightsProductTest@74751b3]" started-at="2022-06-28T00:41:22 EDT" name="TTG_WPP_001_verifyWeightsTab" finished-at="2022-06-28T00:41:26 EDT" duration-ms="4433" status="PASS">
          <reporter-output>
          </reporter-output>
        </test-method> <!-- TTG_WPP_001_verifyWeightsTab -->
        <test-method signature="TTG_WPP_002_verifyAddOutOfStockProduct()[pri:0, instance:techTriangle_testNG.testing.WeightsProductTest@74751b3]" started-at="2022-06-28T00:41:26 EDT" name="TTG_WPP_002_verifyAddOutOfStockProduct" finished-at="2022-06-28T00:41:35 EDT" depends-on-methods="techTriangle_testNG.testing.WeightsProductTest.TTG_WPP_001_verifyWeightsTab" duration-ms="8513" status="PASS">
          <reporter-output>
          </reporter-output>
        </test-method> <!-- TTG_WPP_002_verifyAddOutOfStockProduct -->
        <test-method signature="TTG_WPP_003_verifyAddAvalibleProduct()[pri:0, instance:techTriangle_testNG.testing.WeightsProductTest@74751b3]" started-at="2022-06-28T00:41:35 EDT" name="TTG_WPP_003_verifyAddAvalibleProduct" finished-at="2022-06-28T00:41:38 EDT" depends-on-methods="techTriangle_testNG.testing.WeightsProductTest.TTG_WPP_002_verifyAddOutOfStockProduct" duration-ms="3587" status="PASS">
          <reporter-output>
          </reporter-output>
        </test-method> <!-- TTG_WPP_003_verifyAddAvalibleProduct -->
        <test-method signature="TTG_WPP_004_verifyShoppingProcess()[pri:0, instance:techTriangle_testNG.testing.WeightsProductTest@74751b3]" started-at="2022-06-28T00:41:38 EDT" name="TTG_WPP_004_verifyShoppingProcess" finished-at="2022-06-28T00:41:50 EDT" depends-on-methods="techTriangle_testNG.testing.WeightsProductTest.TTG_WPP_003_verifyAddAvalibleProduct" duration-ms="12028" status="PASS">
          <reporter-output>
          </reporter-output>
        </test-method> <!-- TTG_WPP_004_verifyShoppingProcess -->
        <test-method signature="TTG_WPP_005_verifyAbleToClearAllItemWithClearBtn()[pri:0, instance:techTriangle_testNG.testing.WeightsProductTest@74751b3]" started-at="2022-06-28T00:41:50 EDT" name="TTG_WPP_005_verifyAbleToClearAllItemWithClearBtn" finished-at="2022-06-28T00:41:55 EDT" depends-on-methods="techTriangle_testNG.testing.WeightsProductTest.TTG_WPP_004_verifyShoppingProcess" duration-ms="4796" status="PASS">
          <reporter-output>
          </reporter-output>
        </test-method> <!-- TTG_WPP_005_verifyAbleToClearAllItemWithClearBtn -->
        <test-method is-config="true" signature="teardown()[pri:0, instance:techTriangle_testNG.testing.WeightsProductTest@74751b3]" started-at="2022-06-28T00:41:55 EDT" name="teardown" finished-at="2022-06-28T00:41:55 EDT" duration-ms="108" status="PASS">
          <reporter-output>
          </reporter-output>
        </test-method> <!-- teardown -->
      </class> <!-- techTriangle_testNG.testing.WeightsProductTest -->
    </test> <!-- Default test -->
  </suite> <!-- Default suite -->
</testng-results>
